<?xml version="1.0" encoding="UTF-8"?>
<testsuite name="Tests" tests="11" errors="0" failures="0" skipped="0" time="23.512" timestamp="2025-03-02T13:00:54.439861">
<testsuite name="REST" tests="2" errors="0" failures="0" skipped="0" time="2.987" timestamp="2025-03-02T13:00:54.445826">
<testsuite name="ContactMessageTest" tests="2" errors="0" failures="0" skipped="0" time="2.986" timestamp="2025-03-02T13:00:54.446165">
<testcase classname="Tests.REST.ContactMessageTest" name="Verify Message Endpoint Returns OK" time="0.502">
</testcase>
<testcase classname="Tests.REST.ContactMessageTest" name="Verify Admin Can Read Message" time="2.411">
</testcase>
</testsuite>
</testsuite>
<testsuite name="UI" tests="9" errors="0" failures="0" skipped="0" time="20.519" timestamp="2025-03-02T13:00:57.432634">
<testsuite name="AdminTests" tests="7" errors="0" failures="0" skipped="0" time="16.062" timestamp="2025-03-02T13:00:57.434080">
<testsuite name="AdminMenuPermissionsTest" tests="1" errors="0" failures="0" skipped="0" time="2.229" timestamp="2025-03-02T13:00:57.435465">
<testcase classname="Tests.UI.AdminTests.AdminMenuPermissionsTest" name="Verify Admin Menu Permissions" time="2.167">
</testcase>
<properties>
<property name="Documentation" value="Example test file."/>
</properties>
</testsuite>
<testsuite name="URLNavigationTest" tests="6" errors="0" failures="0" skipped="0" time="13.832" timestamp="2025-03-02T13:00:59.664671">
<testcase classname="Tests.UI.AdminTests.URLNavigationTest" name="URL Navigation Test" time="1.530">
</testcase>
<testcase classname="Tests.UI.AdminTests.URLNavigationTest" name="Admin URL Navigation Test" time="2.648">
</testcase>
<testcase classname="Tests.UI.AdminTests.URLNavigationTest" name="Message URL Navigation Test" time="2.425">
</testcase>
<testcase classname="Tests.UI.AdminTests.URLNavigationTest" name="Messages URL Navigation Test" time="2.634">
</testcase>
<testcase classname="Tests.UI.AdminTests.URLNavigationTest" name="Report URL Navigation Test" time="2.428">
</testcase>
<testcase classname="Tests.UI.AdminTests.URLNavigationTest" name="Branding URL Navigation Test" time="2.165">
</testcase>
</testsuite>
</testsuite>
<testsuite name="CustomerTests" tests="2" errors="0" failures="0" skipped="0" time="4.454" timestamp="2025-03-02T13:01:13.496665">
<testsuite name="ContactMessageErrorsTest" tests="1" errors="0" failures="0" skipped="0" time="1.693" timestamp="2025-03-02T13:01:13.497432">
<testcase classname="Tests.UI.CustomerTests.ContactMessageErrorsTest" name="Verify Error Messages Are Correct" time="1.693">
</testcase>
<properties>
<property name="Documentation" value="Example test file."/>
</properties>
</testsuite>
<testsuite name="ContactMessageTest" tests="1" errors="0" failures="0" skipped="0" time="2.760" timestamp="2025-03-02T13:01:15.191022">
<testcase classname="Tests.UI.CustomerTests.ContactMessageTest" name="Verify Confirmation Message After Submitting Message" time="2.759">
</testcase>
<properties>
<property name="Documentation" value="Example test file."/>
</properties>
</testsuite>
</testsuite>
</testsuite>
</testsuite>
