<?xml version="1.0" encoding="UTF-8"?>
<testsuite name="Tests" tests="11" errors="0" failures="0" skipped="0" time="12.460" timestamp="2025-03-02T13:16:41.990995">
<testsuite name="REST" tests="2" errors="0" failures="0" skipped="0" time="0.139" timestamp="2025-03-02T13:16:41.997850">
<testsuite name="ContactMessageTest" tests="2" errors="0" failures="0" skipped="0" time="0.139" timestamp="2025-03-02T13:16:41.998175">
<testcase classname="Tests.REST.ContactMessageTest" name="Verify Message Endpoint Returns OK" time="0.021">
</testcase>
<testcase classname="Tests.REST.ContactMessageTest" name="Verify Admin Can Read Message" time="0.063">
</testcase>
</testsuite>
</testsuite>
<testsuite name="UI" tests="9" errors="0" failures="0" skipped="0" time="12.314" timestamp="2025-03-02T13:16:42.137317">
<testsuite name="AdminTests" tests="7" errors="0" failures="0" skipped="0" time="9.249" timestamp="2025-03-02T13:16:42.137763">
<testsuite name="AdminMenuPermissionsTest" tests="1" errors="0" failures="0" skipped="0" time="1.914" timestamp="2025-03-02T13:16:42.138039">
<testcase classname="Tests.UI.AdminTests.AdminMenuPermissionsTest" name="Verify Admin Menu Permissions" time="1.861">
</testcase>
<properties>
<property name="Documentation" value="Example test file."/>
</properties>
</testsuite>
<testsuite name="URLNavigationTest" tests="6" errors="0" failures="0" skipped="0" time="7.334" timestamp="2025-03-02T13:16:44.052564">
<testcase classname="Tests.UI.AdminTests.URLNavigationTest" name="URL Navigation Test" time="1.017">
</testcase>
<testcase classname="Tests.UI.AdminTests.URLNavigationTest" name="Admin URL Navigation Test" time="1.271">
</testcase>
<testcase classname="Tests.UI.AdminTests.URLNavigationTest" name="Room URL Navigation Test" time="1.215">
</testcase>
<testcase classname="Tests.UI.AdminTests.URLNavigationTest" name="Report URL Navigation Test" time="1.273">
</testcase>
<testcase classname="Tests.UI.AdminTests.URLNavigationTest" name="Branding URL Navigation Test" time="1.301">
</testcase>
<testcase classname="Tests.UI.AdminTests.URLNavigationTest" name="Message URL Navigation Test" time="1.252">
</testcase>
</testsuite>
</testsuite>
<testsuite name="CustomerTests" tests="2" errors="0" failures="0" skipped="0" time="3.064" timestamp="2025-03-02T13:16:51.386692">
<testsuite name="ContactMessageErrorsTest" tests="1" errors="0" failures="0" skipped="0" time="1.486" timestamp="2025-03-02T13:16:51.387448">
<testcase classname="Tests.UI.CustomerTests.ContactMessageErrorsTest" name="Verify Error Messages Are Correct" time="1.482">
</testcase>
<properties>
<property name="Documentation" value="Example test file."/>
</properties>
</testsuite>
<testsuite name="ContactMessageTest" tests="1" errors="0" failures="0" skipped="0" time="1.577" timestamp="2025-03-02T13:16:52.873628">
<testcase classname="Tests.UI.CustomerTests.ContactMessageTest" name="Verify Confirmation Message After Submitting Message" time="1.575">
</testcase>
<properties>
<property name="Documentation" value="Example test file."/>
</properties>
</testsuite>
</testsuite>
</testsuite>
</testsuite>
