<?xml version="1.0" encoding="UTF-8"?>
<testsuite name="Tests" tests="11" errors="0" failures="0" skipped="0" time="21.591" timestamp="2025-03-02T13:11:01.671840">
<testsuite name="REST" tests="2" errors="0" failures="0" skipped="0" time="0.153" timestamp="2025-03-02T13:11:01.678279">
<testsuite name="ContactMessageTest" tests="2" errors="0" failures="0" skipped="0" time="0.153" timestamp="2025-03-02T13:11:01.678673">
<testcase classname="Tests.REST.ContactMessageTest" name="Verify Message Endpoint Returns OK" time="0.019">
</testcase>
<testcase classname="Tests.REST.ContactMessageTest" name="Verify Admin Can Read Message" time="0.056">
</testcase>
</testsuite>
</testsuite>
<testsuite name="UI" tests="9" errors="0" failures="0" skipped="0" time="21.431" timestamp="2025-03-02T13:11:01.831700">
<testsuite name="AdminTests" tests="7" errors="0" failures="0" skipped="0" time="18.010" timestamp="2025-03-02T13:11:01.832114">
<testsuite name="AdminMenuPermissionsTest" tests="1" errors="0" failures="0" skipped="0" time="3.175" timestamp="2025-03-02T13:11:01.832541">
<testcase classname="Tests.UI.AdminTests.AdminMenuPermissionsTest" name="Verify Admin Menu Permissions" time="3.129">
</testcase>
<properties>
<property name="Documentation" value="Example test file."/>
</properties>
</testsuite>
<testsuite name="URLNavigationTest" tests="6" errors="0" failures="0" skipped="0" time="14.835" timestamp="2025-03-02T13:11:05.007290">
<testcase classname="Tests.UI.AdminTests.URLNavigationTest" name="URL Navigation Test" time="1.719">
</testcase>
<testcase classname="Tests.UI.AdminTests.URLNavigationTest" name="Admin URL Navigation Test" time="1.750">
</testcase>
<testcase classname="Tests.UI.AdminTests.URLNavigationTest" name="Room URL Navigation Test" time="2.960">
</testcase>
<testcase classname="Tests.UI.AdminTests.URLNavigationTest" name="Report URL Navigation Test" time="2.910">
</testcase>
<testcase classname="Tests.UI.AdminTests.URLNavigationTest" name="Branding URL Navigation Test" time="2.750">
</testcase>
<testcase classname="Tests.UI.AdminTests.URLNavigationTest" name="Message URL Navigation Test" time="2.742">
</testcase>
</testsuite>
</testsuite>
<testsuite name="CustomerTests" tests="2" errors="0" failures="0" skipped="0" time="3.420" timestamp="2025-03-02T13:11:19.842273">
<testsuite name="ContactMessageErrorsTest" tests="1" errors="0" failures="0" skipped="0" time="1.684" timestamp="2025-03-02T13:11:19.843008">
<testcase classname="Tests.UI.CustomerTests.ContactMessageErrorsTest" name="Verify Error Messages Are Correct" time="1.682">
</testcase>
<properties>
<property name="Documentation" value="Example test file."/>
</properties>
</testsuite>
<testsuite name="ContactMessageTest" tests="1" errors="0" failures="0" skipped="0" time="1.735" timestamp="2025-03-02T13:11:21.527060">
<testcase classname="Tests.UI.CustomerTests.ContactMessageTest" name="Verify Confirmation Message After Submitting Message" time="1.734">
</testcase>
<properties>
<property name="Documentation" value="Example test file."/>
</properties>
</testsuite>
</testsuite>
</testsuite>
</testsuite>
