<?xml version="1.0" encoding="UTF-8"?>
<testsuite name="Tests" tests="11" errors="0" failures="0" skipped="0" time="14.393" timestamp="2025-03-02T13:06:37.240568">
<testsuite name="REST" tests="2" errors="0" failures="0" skipped="0" time="0.189" timestamp="2025-03-02T13:06:37.246868">
<testsuite name="ContactMessageTest" tests="2" errors="0" failures="0" skipped="0" time="0.188" timestamp="2025-03-02T13:06:37.247181">
<testcase classname="Tests.REST.ContactMessageTest" name="Verify Message Endpoint Returns OK" time="0.025">
</testcase>
<testcase classname="Tests.REST.ContactMessageTest" name="Verify Admin Can Read Message" time="0.091">
</testcase>
</testsuite>
</testsuite>
<testsuite name="UI" tests="9" errors="0" failures="0" skipped="0" time="14.197" timestamp="2025-03-02T13:06:37.435922">
<testsuite name="AdminTests" tests="7" errors="0" failures="0" skipped="0" time="10.771" timestamp="2025-03-02T13:06:37.436433">
<testsuite name="AdminMenuPermissionsTest" tests="1" errors="0" failures="0" skipped="0" time="3.574" timestamp="2025-03-02T13:06:37.436885">
<testcase classname="Tests.UI.AdminTests.AdminMenuPermissionsTest" name="Verify Admin Menu Permissions" time="3.525">
</testcase>
<properties>
<property name="Documentation" value="Example test file."/>
</properties>
</testsuite>
<testsuite name="URLNavigationTest" tests="6" errors="0" failures="0" skipped="0" time="7.195" timestamp="2025-03-02T13:06:41.011287">
<testcase classname="Tests.UI.AdminTests.URLNavigationTest" name="URL Navigation Test" time="0.982">
</testcase>
<testcase classname="Tests.UI.AdminTests.URLNavigationTest" name="Admin URL Navigation Test" time="1.093">
</testcase>
<testcase classname="Tests.UI.AdminTests.URLNavigationTest" name="Room URL Navigation Test" time="1.265">
</testcase>
<testcase classname="Tests.UI.AdminTests.URLNavigationTest" name="Report URL Navigation Test" time="1.277">
</testcase>
<testcase classname="Tests.UI.AdminTests.URLNavigationTest" name="Branding URL Navigation Test" time="1.283">
</testcase>
<testcase classname="Tests.UI.AdminTests.URLNavigationTest" name="Message URL Navigation Test" time="1.292">
</testcase>
</testsuite>
</testsuite>
<testsuite name="CustomerTests" tests="2" errors="0" failures="0" skipped="0" time="3.426" timestamp="2025-03-02T13:06:48.207178">
<testsuite name="ContactMessageErrorsTest" tests="1" errors="0" failures="0" skipped="0" time="1.733" timestamp="2025-03-02T13:06:48.207934">
<testcase classname="Tests.UI.CustomerTests.ContactMessageErrorsTest" name="Verify Error Messages Are Correct" time="1.732">
</testcase>
<properties>
<property name="Documentation" value="Example test file."/>
</properties>
</testsuite>
<testsuite name="ContactMessageTest" tests="1" errors="0" failures="0" skipped="0" time="1.691" timestamp="2025-03-02T13:06:49.941533">
<testcase classname="Tests.UI.CustomerTests.ContactMessageTest" name="Verify Confirmation Message After Submitting Message" time="1.689">
</testcase>
<properties>
<property name="Documentation" value="Example test file."/>
</properties>
</testsuite>
</testsuite>
</testsuite>
</testsuite>
